<?xml version="1.0" encoding="UTF-8"?>
<testng-results skipped="0" failed="0" ignored="0" total="1" passed="1">
  <reporter-output>
  </reporter-output>
  <suite name="Default suite" duration-ms="7678" started-at="2020-09-12T05:46:33Z" finished-at="2020-09-12T05:46:41Z">
    <groups>
    </groups>
    <test name="Default test" duration-ms="7678" started-at="2020-09-12T05:46:33Z" finished-at="2020-09-12T05:46:41Z">
      <class name="com.shanku.rough.ClickonPortfolioPageTest">
        <test-method status="PASS" signature="clickOnPortfolioPageTest()[pri:0, instance:com.shanku.rough.ClickonPortfolioPageTest@b62fe6d]" name="clickOnPortfolioPageTest" duration-ms="7648" started-at="2020-09-12T05:46:34Z" finished-at="2020-09-12T05:46:41Z">
          <reporter-output>
          </reporter-output>
        </test-method> <!-- clickOnPortfolioPageTest -->
      </class> <!-- com.shanku.rough.ClickonPortfolioPageTest -->
    </test> <!-- Default test -->
  </suite> <!-- Default suite -->
</testng-results>
